<?xml version="1.0" encoding="UTF-8"?>
<!-- Generated by org.testng.reporters.JUnitReportReporter -->
<testsuite skipped="0" hostname="SC-201910010702" name="com.course.cases.GetUserListTest" tests="1" failures="0" timestamp="04 十月 2019 08:51:38 GMT" time="0.072" errors="0">
  <testcase name="getUserList" time="0.072" classname="com.course.cases.GetUserListTest"/>
</testsuite> <!-- com.course.cases.GetUserListTest -->
