<?xml version="1.0" encoding="UTF-8"?>
<!-- Generated by org.testng.reporters.JUnitReportReporter -->
<testsuite skipped="0" hostname="SC-201910010702" name="com.course.cases.GetUserInfoTest" tests="1" failures="0" timestamp="04 十月 2019 08:51:38 GMT" time="0.058" errors="0">
  <testcase name="getUserInfo" time="0.058" classname="com.course.cases.GetUserInfoTest"/>
</testsuite> <!-- com.course.cases.GetUserInfoTest -->
