<?xml version="1.0" encoding="UTF-8"?>
<!-- Generated by org.testng.reporters.JUnitReportReporter -->
<testsuite skipped="0" hostname="SC-201910010702" name="com.course.cases.UpdateUserInfoTest" tests="2" failures="0" timestamp="04 十月 2019 08:51:38 GMT" time="4.103" errors="0">
  <testcase name="updateUserInfo" time="2.054" classname="com.course.cases.UpdateUserInfoTest"/>
  <testcase name="deleteUser" time="2.049" classname="com.course.cases.UpdateUserInfoTest"/>
</testsuite> <!-- com.course.cases.UpdateUserInfoTest -->
