<?xml version="1.0" encoding="UTF-8"?>
<!-- Generated by org.testng.reporters.JUnitReportReporter -->
<testsuite skipped="0" hostname="DESKTOP-4K4SA9I" name="cases.LoginTest" tests="2" failures="0" timestamp="08 十月 2019 08:20:28 GMT" time="0.782" errors="0">
  <testcase name="loginFalse" time="0.641" classname="cases.LoginTest"/>
  <testcase name="loginTrue" time="0.141" classname="cases.LoginTest"/>
</testsuite> <!-- cases.LoginTest -->
