<?xml version="1.0" encoding="UTF-8"?>
<!-- Generated by org.testng.reporters.JUnitReportReporter -->
<testsuite skipped="0" hostname="DESKTOP-4K4SA9I" name="cases.AddDepartmentTest" tests="2" failures="0" timestamp="08 十月 2019 08:20:28 GMT" time="0.103" errors="0">
  <testcase name="addDeptFalse" time="0.043" classname="cases.AddDepartmentTest"/>
  <testcase name="addDeptTrue" time="0.060" classname="cases.AddDepartmentTest"/>
</testsuite> <!-- cases.AddDepartmentTest -->
