<?xml version="1.0" encoding="UTF-8"?>
<!-- Generated by org.testng.reporters.JUnitReportReporter -->
<testsuite skipped="1" hostname="DESKTOP-4K4SA9I" name="testsuite.SmokeTest" tests="1" failures="0" timestamp="2019-09-26T15:54:14 CST" time="0.000" errors="0">
  <testcase name="Login_001" time="0.000" classname="testsuite.SmokeTest">
    <skipped/>
  </testcase> <!-- Login_001 -->
</testsuite> <!-- testsuite.SmokeTest -->
